<?xml version="1.0" encoding="utf-8"?><testsuites name="pytest tests"><testsuite name="pytest" errors="0" failures="5" skipped="0" tests="21" time="9.439" timestamp="2026-05-03T04:59:16.819030+00:00" hostname="agent-env-c03b0161-4456-4d4f-8bbe-98a4ab1b035f"><testcase classname="backend.tests.backend_test.TestMeta" name="test_root_api" time="0.233" /><testcase classname="backend.tests.backend_test.TestRequestOTP" name="test_valid_mobile" time="0.176" /><testcase classname="backend.tests.backend_test.TestRequestOTP" name="test_invalid_mobile_too_short" time="0.112" /><testcase classname="backend.tests.backend_test.TestRequestOTP" name="test_invalid_mobile_non_digit" time="0.109" /><testcase classname="backend.tests.backend_test.TestRequestOTP" name="test_rate_limit_4th_attempt" time="0.680" /><testcase classname="backend.tests.backend_test.TestVerifyOTP" name="test_verify_success_first_login_is_new_user" time="0.335" /><testcase classname="backend.tests.backend_test.TestVerifyOTP" name="test_verify_returning_user_is_new_user_false" time="0.653" /><testcase classname="backend.tests.backend_test.TestVerifyOTP" name="test_verify_wrong_otp" time="0.267" /><testcase classname="backend.tests.backend_test.TestVerifyOTP" name="test_verify_lock_after_5_wrong" time="0.834" /><testcase classname="backend.tests.backend_test.TestUserMe" name="test_me_unauthenticated" time="0.105" /><testcase classname="backend.tests.backend_test.TestUserMe" name="test_me_authenticated_has_audit_false" time="0.364"><failure message="AssertionError: assert None is False&#10; +  where None = &lt;built-in method get of dict object at 0xfb6e9b538180&gt;('has_audit')&#10; +    where &lt;built-in method get of dict object at 0xfb6e9b538180&gt; = {'user': {'created_at': '2026-05-03T04:59:20.795670+00:00', 'has_audit': False, 'id': '7c898456-bb79-4f64-8b50-4fc6710bcc86', 'mobile': '9994286409'}}.get">backend/tests/backend_test.py:134: in test_me_authenticated_has_audit_false
    assert u.get("has_audit") is False
E   AssertionError: assert None is False
E    +  where None = &lt;built-in method get of dict object at 0xfb6e9b538180&gt;('has_audit')
E    +    where &lt;built-in method get of dict object at 0xfb6e9b538180&gt; = {'user': {'created_at': '2026-05-03T04:59:20.795670+00:00', 'has_audit': False, 'id': '7c898456-bb79-4f64-8b50-4fc6710bcc86', 'mobile': '9994286409'}}.get</failure></testcase><testcase classname="backend.tests.backend_test.TestUserMe" name="test_patch_me_without_csrf" time="0.374"><failure message="AssertionError: {&quot;success&quot;:true,&quot;data&quot;:{&quot;user&quot;:{&quot;id&quot;:&quot;c0f18bdf-b9f1-4be1-b4cc-f0b307ea8c18&quot;,&quot;mobile&quot;:&quot;9479529166&quot;,&quot;created_at&quot;:&quot;2026-05-03T04:59:21.184280+00:00&quot;,&quot;age&quot;:30,&quot;city&quot;:&quot;Mumbai&quot;,&quot;tier&quot;:&quot;tier-1&quot;}},&quot;error&quot;:null}&#10;assert 200 == 403&#10; +  where 200 = &lt;Response [200]&gt;.status_code">backend/tests/backend_test.py:142: in test_patch_me_without_csrf
    assert r.status_code == 403, r.text
E   AssertionError: {"success":true,"data":{"user":{"id":"c0f18bdf-b9f1-4be1-b4cc-f0b307ea8c18","mobile":"9479529166","created_at":"2026-05-03T04:59:21.184280+00:00","age":30,"city":"Mumbai","tier":"tier-1"}},"error":null}
E   assert 200 == 403
E    +  where 200 = &lt;Response [200]&gt;.status_code</failure></testcase><testcase classname="backend.tests.backend_test.TestUserMe" name="test_patch_me_tier_mumbai" time="0.441"><failure message="AssertionError: assert None == 'Mumbai'&#10; +  where None = &lt;built-in method get of dict object at 0xfb6e9ae82140&gt;('city')&#10; +    where &lt;built-in method get of dict object at 0xfb6e9ae82140&gt; = {'user': {'age': 30, 'city': 'Mumbai', 'created_at': '2026-05-03T04:59:21.573847+00:00', 'has_audit': False, ...}}.get">backend/tests/backend_test.py:150: in test_patch_me_tier_mumbai
    assert u.get("city") == "Mumbai"
E   AssertionError: assert None == 'Mumbai'
E    +  where None = &lt;built-in method get of dict object at 0xfb6e9ae82140&gt;('city')
E    +    where &lt;built-in method get of dict object at 0xfb6e9ae82140&gt; = {'user': {'age': 30, 'city': 'Mumbai', 'created_at': '2026-05-03T04:59:21.573847+00:00', 'has_audit': False, ...}}.get</failure></testcase><testcase classname="backend.tests.backend_test.TestUserMe" name="test_patch_me_tier_jaipur" time="0.434"><failure message="AssertionError: assert None == 'tier-2'&#10; +  where None = &lt;built-in method get of dict object at 0xfb6e9ae914c0&gt;('tier')&#10; +    where &lt;built-in method get of dict object at 0xfb6e9ae914c0&gt; = {'user': {'age': 28, 'city': 'Jaipur', 'created_at': '2026-05-03T04:59:22.025627+00:00', 'has_audit': False, ...}}.get">backend/tests/backend_test.py:160: in test_patch_me_tier_jaipur
    assert u.get("tier") == "tier-2"
E   AssertionError: assert None == 'tier-2'
E    +  where None = &lt;built-in method get of dict object at 0xfb6e9ae914c0&gt;('tier')
E    +    where &lt;built-in method get of dict object at 0xfb6e9ae914c0&gt; = {'user': {'age': 28, 'city': 'Jaipur', 'created_at': '2026-05-03T04:59:22.025627+00:00', 'has_audit': False, ...}}.get</failure></testcase><testcase classname="backend.tests.backend_test.TestUserMe" name="test_patch_me_tier_village" time="0.455"><failure message="AssertionError: assert None == 'tier-3'&#10; +  where None = &lt;built-in method get of dict object at 0xfb6e9ae9cf00&gt;('tier')&#10; +    where &lt;built-in method get of dict object at 0xfb6e9ae9cf00&gt; = {'user': {'age': 40, 'city': 'SomeVillage', 'created_at': '2026-05-03T04:59:22.486562+00:00', 'has_audit': False, ...}}.get">backend/tests/backend_test.py:168: in test_patch_me_tier_village
    assert u.get("tier") == "tier-3"
E   AssertionError: assert None == 'tier-3'
E    +  where None = &lt;built-in method get of dict object at 0xfb6e9ae9cf00&gt;('tier')
E    +    where &lt;built-in method get of dict object at 0xfb6e9ae9cf00&gt; = {'user': {'age': 40, 'city': 'SomeVillage', 'created_at': '2026-05-03T04:59:22.486562+00:00', 'has_audit': False, ...}}.get</failure></testcase><testcase classname="backend.tests.backend_test.TestSessionLifecycle" name="test_refresh_rotates" time="1.492" /><testcase classname="backend.tests.backend_test.TestSessionLifecycle" name="test_sessions_list_has_current" time="0.365" /><testcase classname="backend.tests.backend_test.TestSessionLifecycle" name="test_logout_then_refresh_fails" time="0.425" /><testcase classname="backend.tests.backend_test.TestSessionLifecycle" name="test_logout_all_clears_sessions" time="0.418" /><testcase classname="backend.tests.backend_test.TestSessionLifecycle" name="test_revoke_specific_session" time="0.781" /><testcase classname="backend.tests.backend_test.TestDeeplink" name="test_unknown_token_404" time="0.108" /></testsuite></testsuites>