<?xml version="1.0" encoding="utf-8"?><testsuites name="pytest tests"><testsuite name="pytest" errors="0" failures="0" skipped="0" tests="36" time="13.952" timestamp="2026-05-03T05:15:47.526406+00:00" hostname="agent-env-c03b0161-4456-4d4f-8bbe-98a4ab1b035f"><testcase classname="tests.backend_test.TestMeta" name="test_root_api" time="1.321" /><testcase classname="tests.backend_test.TestRequestOTP" name="test_valid_mobile" time="0.172" /><testcase classname="tests.backend_test.TestRequestOTP" name="test_invalid_mobile_too_short" time="0.102" /><testcase classname="tests.backend_test.TestRequestOTP" name="test_invalid_mobile_non_digit" time="0.148" /><testcase classname="tests.backend_test.TestRequestOTP" name="test_rate_limit_4th_attempt" time="0.616" /><testcase classname="tests.backend_test.TestVerifyOTP" name="test_verify_success_first_login_is_new_user" time="0.324" /><testcase classname="tests.backend_test.TestVerifyOTP" name="test_verify_returning_user_is_new_user_false" time="0.711" /><testcase classname="tests.backend_test.TestVerifyOTP" name="test_verify_wrong_otp" time="0.265" /><testcase classname="tests.backend_test.TestVerifyOTP" name="test_verify_lock_after_5_wrong" time="0.734" /><testcase classname="tests.backend_test.TestVerifyOTP" name="test_verify_replay_otp_already_used" time="0.871" /><testcase classname="tests.backend_test.TestUserMe" name="test_me_unauthenticated" time="0.121" /><testcase classname="tests.backend_test.TestUserMe" name="test_me_authenticated_has_audit_false" time="0.372" /><testcase classname="tests.backend_test.TestUserMe" name="test_patch_me_without_csrf" time="0.404" /><testcase classname="tests.backend_test.TestUserMe" name="test_patch_me_tier_mumbai" time="0.485" /><testcase classname="tests.backend_test.TestUserMe" name="test_patch_me_tier_jaipur" time="0.417" /><testcase classname="tests.backend_test.TestUserMe" name="test_patch_me_tier_village" time="0.420" /><testcase classname="tests.backend_test.TestSessionLifecycle" name="test_refresh_rotates" time="1.512" /><testcase classname="tests.backend_test.TestSessionLifecycle" name="test_sessions_list_has_current" time="0.362" /><testcase classname="tests.backend_test.TestSessionLifecycle" name="test_logout_then_refresh_fails" time="0.433" /><testcase classname="tests.backend_test.TestSessionLifecycle" name="test_logout_all_clears_sessions" time="0.464" /><testcase classname="tests.backend_test.TestSessionLifecycle" name="test_revoke_specific_session" time="0.950" /><testcase classname="tests.backend_test.TestDeeplink" name="test_unknown_token_404" time="0.106" /><testcase classname="tests.backend_test.TestHealthVersion" name="test_health_shape" time="0.101" /><testcase classname="tests.backend_test.TestHealthVersion" name="test_version_shape" time="0.110" /><testcase classname="tests.backend_test.TestAdmin" name="test_admin_users_unauth_401" time="0.115" /><testcase classname="tests.backend_test.TestAdmin" name="test_admin_users_wrong_token_401" time="0.103" /><testcase classname="tests.backend_test.TestAdmin" name="test_admin_users_ok_with_bearer" time="0.105" /><testcase classname="tests.backend_test.TestCSRF" name="test_logout_without_csrf_403" time="0.364" /><testcase classname="tests.backend_test.TestCSRF" name="test_logout_all_without_csrf_403" time="0.365" /><testcase classname="tests.backend_test.TestCSRF" name="test_delete_session_without_csrf_403" time="0.492" /><testcase classname="tests.backend_test.TestSecurityInspection" name="test_otp_hash_is_bcrypt_not_plaintext" time="0.269" /><testcase classname="tests.backend_test.TestSecurityInspection" name="test_otp_ttl_10_minutes" time="0.161" /><testcase classname="tests.backend_test.TestSecurityInspection" name="test_refresh_token_hash_is_bcrypt" time="0.333" /><testcase classname="tests.backend_test.TestSecurityInspection" name="test_jwt_secret_length" time="0.000" /><testcase classname="tests.backend_test.TestSecurityInspection" name="test_env_in_gitignore" time="0.000" /><testcase classname="tests.backend_test.TestSecurityInspection" name="test_env_example_exists" time="0.000" /></testsuite></testsuites>